\BOOKMARK [0][-]{chapter.1}{Introduction}{}
\BOOKMARK [0][-]{chapter.2}{Design}{}
\BOOKMARK [0][-]{chapter.3}{Differences to other agent-based modeling platforms}{}
\BOOKMARK [1][-]{section.3.1}{General differences to other agent-based modeling platforms}{chapter.3}
\BOOKMARK [1][-]{section.3.2}{Physical Goods}{chapter.3}
\BOOKMARK [1][-]{section.3.3}{Difference to MASON}{chapter.3}
\BOOKMARK [1][-]{section.3.4}{Difference to NetLogo}{chapter.3}
\BOOKMARK [1][-]{section.3.5}{Difference Repast}{chapter.3}
\BOOKMARK [0][-]{chapter.4}{Parallel execution of Agents and messaging with ZeroMQ}{}
\BOOKMARK [1][-]{section.4.1}{Concurrency}{chapter.4}
\BOOKMARK [1][-]{section.4.2}{Internal Control of the schedule and communication}{chapter.4}
\BOOKMARK [0][-]{chapter.5}{Download and Installation}{}
\BOOKMARK [1][-]{section.5.1}{Installation of stable version Ubuntu}{chapter.5}
\BOOKMARK [1][-]{section.5.2}{Installation of stable version Windows}{chapter.5}
\BOOKMARK [1][-]{section.5.3}{Installation of development version}{chapter.5}
\BOOKMARK [0][-]{chapter.6}{Walk through / Tutorial}{}
\BOOKMARK [1][-]{section.6.1}{Have a look on the abce/examples/ folder}{chapter.6}
\BOOKMARK [1][-]{section.6.2}{Make a working copy}{chapter.6}
\BOOKMARK [1][-]{section.6.3}{start.py}{chapter.6}
\BOOKMARK [1][-]{section.6.4}{The agents}{chapter.6}
\BOOKMARK [0][-]{chapter.7}{Examples}{}
\BOOKMARK [1][-]{section.7.1}{One sector model}{chapter.7}
\BOOKMARK [1][-]{section.7.2}{Two sector model}{chapter.7}
\BOOKMARK [0][-]{chapter.8}{unit testing}{}
\BOOKMARK [0][-]{chapter.9}{Agents}{}
\BOOKMARK [0][-]{chapter.10}{Trade}{}
\BOOKMARK [0][-]{chapter.11}{Firm and production}{}
\BOOKMARK [0][-]{chapter.12}{Household and consumption}{}
\BOOKMARK [0][-]{chapter.13}{Messaging}{}
\BOOKMARK [0][-]{chapter.14}{Observing agents}{}
\BOOKMARK [1][-]{section.14.1}{Trade Logging}{chapter.14}
\BOOKMARK [1][-]{section.14.2}{Manual logging}{chapter.14}
\BOOKMARK [1][-]{section.14.3}{Panel Data}{chapter.14}
\BOOKMARK [0][-]{chapter.15}{FirmMultiTechnologies}{}
\BOOKMARK [0][-]{chapter.16}{The simulation in start.py}{}
\BOOKMARK [0][-]{chapter.17}{simulation\137parameters and agent\137parameters}{}
\BOOKMARK [1][-]{section.17.1}{simulation\137parameters.csv}{chapter.17}
\BOOKMARK [1][-]{section.17.2}{agent\137parameters.csv}{chapter.17}
\BOOKMARK [1][-]{section.17.3}{Accessing parameters in agents}{chapter.17}
\BOOKMARK [0][-]{chapter.18}{Retrieval of the simulation results}{}
\BOOKMARK [0][-]{chapter.19}{Tools and floating point issues: abcetools Module}{}
\BOOKMARK [0][-]{chapter.20}{Files in this package}{}
\BOOKMARK [0][-]{chapter.21}{Using Amazon Elastic Cloud Server}{}
\BOOKMARK [0][-]{chapter*.106}{Bibliography}{}
\BOOKMARK [0][-]{chapter.22}{Indices and tables}{}
\BOOKMARK [0][-]{section*.107}{Python Module Index}{}
\BOOKMARK [0][-]{section*.108}{Index}{}
